2017-lis-11 11:21:43 AM [main] DEBUG org.hibernate.SQL - drop table body_type if exists
2017-lis-11 11:21:43 AM [main] DEBUG org.hibernate.SQL - drop table frequency_of_activity if exists
2017-lis-11 11:21:43 AM [main] DEBUG org.hibernate.SQL - drop table roles if exists
2017-lis-11 11:21:43 AM [main] DEBUG org.hibernate.SQL - drop table sex if exists
2017-lis-11 11:21:43 AM [main] DEBUG org.hibernate.SQL - drop table users if exists
2017-lis-11 11:21:43 AM [main] DEBUG org.hibernate.SQL - drop table users_details if exists
2017-lis-11 11:21:43 AM [main] DEBUG org.hibernate.SQL - drop table users_has_roles if exists
2017-lis-11 11:21:43 AM [main] DEBUG org.hibernate.SQL - create table body_type (id_bt integer generated by default as identity, type varchar(255), primary key (id_bt))
2017-lis-11 11:21:43 AM [main] DEBUG org.hibernate.SQL - create table frequency_of_activity (id_foa integer generated by default as identity, frequency varchar(255), primary key (id_foa))
2017-lis-11 11:21:43 AM [main] DEBUG org.hibernate.SQL - create table roles (id_role integer generated by default as identity, role varchar(255), primary key (id_role))
2017-lis-11 11:21:43 AM [main] DEBUG org.hibernate.SQL - create table sex (id_sex integer generated by default as identity, type varchar(255), primary key (id_sex))
2017-lis-11 11:21:43 AM [main] DEBUG org.hibernate.SQL - create table users (id_user integer generated by default as identity, email varchar(255) not null, enabled boolean not null, password varchar(255) not null, username varchar(255) not null, primary key (id_user))
2017-lis-11 11:21:43 AM [main] DEBUG org.hibernate.SQL - create table users_details (id_user integer not null, age integer, BMI integer, BMR integer, height integer, weight integer, id_bt integer, id_foa integer, id_sex integer, primary key (id_user))
2017-lis-11 11:21:43 AM [main] DEBUG org.hibernate.SQL - create table users_has_roles (id_user integer not null, id_role integer not null)
2017-lis-11 11:21:43 AM [main] DEBUG org.hibernate.SQL - alter table users add constraint UK_6dotkott2kjsp8vw4d0m25fb7 unique (email)
2017-lis-11 11:21:43 AM [main] DEBUG org.hibernate.SQL - alter table users add constraint UK_r43af9ap4edm43mmtq01oddj6 unique (username)
2017-lis-11 11:21:43 AM [main] DEBUG org.hibernate.SQL - alter table users_details add constraint FKhn7eds2v1n8b80l2lpb2p2768 foreign key (id_bt) references body_type
2017-lis-11 11:21:43 AM [main] DEBUG org.hibernate.SQL - alter table users_details add constraint FKsj9ooiqpv9c55vf3flicvw5fj foreign key (id_foa) references frequency_of_activity
2017-lis-11 11:21:43 AM [main] DEBUG org.hibernate.SQL - alter table users_details add constraint FK3y0kqlosw01kr1g2q06al2ipi foreign key (id_sex) references sex
2017-lis-11 11:21:43 AM [main] DEBUG org.hibernate.SQL - alter table users_has_roles add constraint FKmlasopjdh4dyhraeiybumhonx foreign key (id_role) references roles
2017-lis-11 11:21:43 AM [main] DEBUG org.hibernate.SQL - alter table users_has_roles add constraint FKkbt15ct6jomw09myornjytr6f foreign key (id_user) references users
2017-lis-11 11:21:43 AM [main] DEBUG org.hibernate.SQL - INSERT INTO roles (id_role, role) VALUES (1, 'ROLE_USER')
2017-lis-11 11:21:43 AM [main] DEBUG org.hibernate.SQL - INSERT INTO roles (id_role, role) VALUES (2, 'ROLE_ADMIN')
2017-lis-11 11:21:43 AM [main] DEBUG org.hibernate.SQL - INSERT INTO body_type (id_bt, type) VALUES (1, 'ectomorphic')
2017-lis-11 11:21:43 AM [main] DEBUG org.hibernate.SQL - INSERT INTO body_type (id_bt, type) VALUES (2, 'mezomorphic')
2017-lis-11 11:21:43 AM [main] DEBUG org.hibernate.SQL - INSERT INTO body_type (id_bt, type) VALUES (3, 'endomorphic')
2017-lis-11 11:21:43 AM [main] DEBUG org.hibernate.SQL - INSERT INTO frequency_of_activity (id_foa, frequency) VALUES (1, 'very low')
2017-lis-11 11:21:43 AM [main] DEBUG org.hibernate.SQL - INSERT INTO frequency_of_activity (id_foa, frequency) VALUES (2, 'low')
2017-lis-11 11:21:43 AM [main] DEBUG org.hibernate.SQL - INSERT INTO frequency_of_activity (id_foa, frequency) VALUES (3, 'medium')
2017-lis-11 11:21:43 AM [main] DEBUG org.hibernate.SQL - INSERT INTO frequency_of_activity (id_foa, frequency) VALUES (4, 'high')
2017-lis-11 11:21:43 AM [main] DEBUG org.hibernate.SQL - INSERT INTO frequency_of_activity (id_foa, frequency) VALUES (5, 'very high')
2017-lis-11 11:21:43 AM [main] DEBUG org.hibernate.SQL - INSERT INTO sex (id_sex, type) VALUES (1, 'male')
2017-lis-11 11:21:43 AM [main] DEBUG org.hibernate.SQL - INSERT INTO sex (id_sex, type) VALUES (2, 'female')
