2019-03-12 13:45:48,067 INFO org.springframework.boot.StartupInfoLogger [main] Starting Main on dell-Komputer with PID 444 (C:\Workspace\strength-and-honor\target\classes started by dell in C:\Workspace\strength-and-honor)
2019-03-12 13:45:48,070 DEBUG org.springframework.boot.StartupInfoLogger [main] Running with Spring Boot v2.1.2.RELEASE, Spring v5.1.2.RELEASE
2019-03-12 13:45:48,072 INFO org.springframework.boot.SpringApplication [main] No active profile set, falling back to default profiles: default
2019-03-12 13:45:48,866 INFO org.springframework.security.core.SpringSecurityCoreVersion [main] You are running with Spring Security Core 5.1.1.RELEASE
2019-03-12 13:45:48,872 INFO org.springframework.security.config.SecurityNamespaceHandler [main] Spring Security 'config' module version is 5.1.1.RELEASE
2019-03-12 13:45:48,916 INFO org.springframework.security.config.http.FilterInvocationSecurityMetadataSourceParser [main] Creating access control expression attribute 'permitAll' for /
2019-03-12 13:45:48,917 INFO org.springframework.security.config.http.FilterInvocationSecurityMetadataSourceParser [main] Creating access control expression attribute 'permitAll' for /static/**
2019-03-12 13:45:48,917 INFO org.springframework.security.config.http.FilterInvocationSecurityMetadataSourceParser [main] Creating access control expression attribute 'permitAll' for /templates/**
2019-03-12 13:45:48,917 INFO org.springframework.security.config.http.FilterInvocationSecurityMetadataSourceParser [main] Creating access control expression attribute 'permitAll' for /login
2019-03-12 13:45:48,917 INFO org.springframework.security.config.http.FilterInvocationSecurityMetadataSourceParser [main] Creating access control expression attribute 'permitAll' for /createUser
2019-03-12 13:45:48,918 INFO org.springframework.security.config.http.FilterInvocationSecurityMetadataSourceParser [main] Creating access control expression attribute 'permitAll' for /confirm
2019-03-12 13:45:48,918 INFO org.springframework.security.config.http.FilterInvocationSecurityMetadataSourceParser [main] Creating access control expression attribute 'permitAll' for /logout
2019-03-12 13:45:48,918 INFO org.springframework.security.config.http.FilterInvocationSecurityMetadataSourceParser [main] Creating access control expression attribute 'permitAll' for /weather
2019-03-12 13:45:48,918 INFO org.springframework.security.config.http.FilterInvocationSecurityMetadataSourceParser [main] Creating access control expression attribute 'permitAll' for /serviceerror
2019-03-12 13:45:48,919 INFO org.springframework.security.config.http.FilterInvocationSecurityMetadataSourceParser [main] Creating access control expression attribute 'permitAll' for /repositoryerror
2019-03-12 13:45:48,919 INFO org.springframework.security.config.http.FilterInvocationSecurityMetadataSourceParser [main] Creating access control expression attribute 'permitAll' for /weatherConditions/**
2019-03-12 13:45:48,919 INFO org.springframework.security.config.http.FilterInvocationSecurityMetadataSourceParser [main] Creating access control expression attribute 'isAuthenticated()' for /profile
2019-03-12 13:45:48,919 INFO org.springframework.security.config.http.FilterInvocationSecurityMetadataSourceParser [main] Creating access control expression attribute 'isAuthenticated()' for /calculateBmr
2019-03-12 13:45:48,920 INFO org.springframework.security.config.http.FilterInvocationSecurityMetadataSourceParser [main] Creating access control expression attribute 'isAuthenticated()' for /calculateBmi
2019-03-12 13:45:48,920 INFO org.springframework.security.config.http.FilterInvocationSecurityMetadataSourceParser [main] Creating access control expression attribute 'hasRole('ROLE_ADMIN')' for /post
2019-03-12 13:45:48,920 INFO org.springframework.security.config.http.FilterInvocationSecurityMetadataSourceParser [main] Creating access control expression attribute 'denyAll' for /**
2019-03-12 13:45:48,945 INFO org.springframework.security.config.http.HttpSecurityBeanDefinitionParser [main] Checking sorted filter chain: [Root bean: class [org.springframework.security.web.context.SecurityContextPersistenceFilter]; scope=; abstract=false; lazyInit=false; autowireMode=0; dependencyCheck=0; autowireCandidate=true; primary=false; factoryBeanName=null; factoryMethodName=null; initMethodName=null; destroyMethodName=null, order = 200, Root bean: class [org.springframework.security.web.context.request.async.WebAsyncManagerIntegrationFilter]; scope=; abstract=false; lazyInit=false; autowireMode=0; dependencyCheck=0; autowireCandidate=true; primary=false; factoryBeanName=null; factoryMethodName=null; initMethodName=null; destroyMethodName=null, order = 400, Root bean: class [org.springframework.security.web.header.HeaderWriterFilter]; scope=; abstract=false; lazyInit=false; autowireMode=0; dependencyCheck=0; autowireCandidate=true; primary=false; factoryBeanName=null; factoryMethodName=null; initMethodName=null; destroyMethodName=null, order = 500, Root bean: class [org.springframework.security.web.csrf.CsrfFilter]; scope=; abstract=false; lazyInit=false; autowireMode=0; dependencyCheck=0; autowireCandidate=true; primary=false; factoryBeanName=null; factoryMethodName=null; initMethodName=null; destroyMethodName=null, order = 700, Root bean: class [org.springframework.security.web.authentication.logout.LogoutFilter]; scope=; abstract=false; lazyInit=false; autowireMode=0; dependencyCheck=0; autowireCandidate=true; primary=false; factoryBeanName=null; factoryMethodName=null; initMethodName=null; destroyMethodName=null, order = 800, <org.springframework.security.web.authentication.UsernamePasswordAuthenticationFilter#0>, order = 1200, Root bean: class [org.springframework.security.web.savedrequest.RequestCacheAwareFilter]; scope=; abstract=false; lazyInit=false; autowireMode=0; dependencyCheck=0; autowireCandidate=true; primary=false; factoryBeanName=null; factoryMethodName=null; initMethodName=null; destroyMethodName=null, order = 1900, Root bean: class [null]; scope=; abstract=false; lazyInit=false; autowireMode=0; dependencyCheck=0; autowireCandidate=true; primary=false; factoryBeanName=org.springframework.security.config.http.HttpConfigurationBuilder$SecurityContextHolderAwareRequestFilterBeanFactory#0; factoryMethodName=getBean; initMethodName=null; destroyMethodName=null, order = 2000, Root bean: class [org.springframework.security.web.authentication.AnonymousAuthenticationFilter]; scope=; abstract=false; lazyInit=false; autowireMode=0; dependencyCheck=0; autowireCandidate=true; primary=false; factoryBeanName=null; factoryMethodName=null; initMethodName=null; destroyMethodName=null, order = 2300, Root bean: class [org.springframework.security.web.session.SessionManagementFilter]; scope=; abstract=false; lazyInit=false; autowireMode=0; dependencyCheck=0; autowireCandidate=true; primary=false; factoryBeanName=null; factoryMethodName=null; initMethodName=null; destroyMethodName=null, order = 2400, Root bean: class [org.springframework.security.web.access.ExceptionTranslationFilter]; scope=; abstract=false; lazyInit=false; autowireMode=0; dependencyCheck=0; autowireCandidate=true; primary=false; factoryBeanName=null; factoryMethodName=null; initMethodName=null; destroyMethodName=null, order = 2500, <org.springframework.security.web.access.intercept.FilterSecurityInterceptor#0>, order = 2600]
2019-03-12 13:45:49,397 INFO org.springframework.context.support.PostProcessorRegistrationDelegate$BeanPostProcessorChecker [main] Bean 'org.springframework.ws.config.annotation.DelegatingWsConfiguration' of type [org.springframework.ws.config.annotation.DelegatingWsConfiguration$$EnhancerBySpringCGLIB$$255c01da] is not eligible for getting processed by all BeanPostProcessors (for example: not eligible for auto-proxying)
2019-03-12 13:45:49,447 INFO org.springframework.ws.soap.addressing.server.AbstractAddressingEndpointMapping [main] Supporting [WS-Addressing August 2004, WS-Addressing 1.0]
2019-03-12 13:45:49,777 INFO org.springframework.boot.web.embedded.tomcat.TomcatWebServer [main] Tomcat initialized with port(s): 8080 (http)
2019-03-12 13:45:49,796 INFO org.apache.juli.logging.DirectJDKLog [main] Initializing ProtocolHandler ["http-nio-8080"]
2019-03-12 13:45:49,809 INFO org.apache.juli.logging.DirectJDKLog [main] Starting service [Tomcat]
2019-03-12 13:45:49,809 INFO org.apache.juli.logging.DirectJDKLog [main] Starting Servlet engine: [Apache Tomcat/9.0.14]
2019-03-12 13:45:49,817 INFO org.apache.juli.logging.DirectJDKLog [main] The APR based Apache Tomcat Native library which allows optimal performance in production environments was not found on the java.library.path: [C:\Java\jdk-11.0.1\bin;C:\Windows\Sun\Java\bin;C:\Windows\system32;C:\Windows;C:/Java/jdk-11.0.1/bin/server;C:/Java/jdk-11.0.1/bin;C:\Program Files (x86)\NVIDIA Corporation\PhysX\Common;C:\Windows\system32;C:\Windows;C:\Windows\System32\Wbem;C:\Windows\System32\WindowsPowerShell\v1.0\;C:\Program Files\WIDCOMM\Bluetooth Software\;C:\Program Files\WIDCOMM\Bluetooth Software\syswow64;C:\Program Files\Intel\WiFi\bin\;C:\Program Files\Common Files\Intel\WirelessCommon\;C:\Program Files (x86)\Intel\OpenCL SDK\2.0\bin\x86;C:\Program Files (x86)\Intel\OpenCL SDK\2.0\bin\x64;C:\Program Files\MySQL\MySQL Utilities 1.6\;C:\Program Files\Notepad++;C:\Program Files\Perforce;C:\Program Files\dotnet\;C:\Program Files\nodejs\;C:\Program Files\Microsoft SQL Server\Client SDK\ODBC\110\Tools\Binn\;C:\Program Files (x86)\Microsoft SQL Server\120\Tools\Binn\;C:\Program Files\Microsoft SQL Server\120\Tools\Binn\;C:\Program Files\Microsoft SQL Server\120\DTS\Binn\;C:\Program Files (x86)\Microsoft SQL Server\120\Tools\Binn\ManagementStudio\;C:\Program Files (x86)\Microsoft SQL Server\120\DTS\Binn\;C:\Java\jdk-11.0.1/bin;C:\Gradle\gradle-4.10.3/bin;C:\Program Fi;C:\Program Files\Intel\WiFi\bin\;C:\Program Files\Common Files\Intel\WirelessCommon\;C:\apache-maven-3.5.2-bin\apache-maven-3.5.2\bin\;C:\Users\dell\AppData\Roaming\npm;C:\Program Files\Microsoft VS Code\bin;C:\Program Files\Docker Toolbox;C:\Program Files\Java\C:\Program Files\Java\jdk-11.0.1\;C:\STS Eclipse\sts-4.0.1.RELEASE;;.]
2019-03-12 13:45:49,922 INFO org.apache.juli.logging.DirectJDKLog [main] Initializing Spring embedded WebApplicationContext
2019-03-12 13:45:49,923 INFO org.springframework.boot.web.servlet.context.ServletWebServerApplicationContext [main] Root WebApplicationContext: initialization completed in 1818 ms
2019-03-12 13:45:50,061 INFO com.zaxxer.hikari.HikariDataSource [main] HikariPool-1 - Starting...
2019-03-12 13:45:50,169 INFO com.zaxxer.hikari.HikariDataSource [main] HikariPool-1 - Start completed.
2019-03-12 13:45:50,189 INFO org.springframework.security.provisioning.JdbcUserDetailsManager [main] No authentication manager set. Reauthentication of users when changing passwords will not be performed.
2019-03-12 13:45:50,307 INFO org.springframework.security.web.DefaultSecurityFilterChain [main] Creating filter chain: any request, [org.springframework.security.web.context.SecurityContextPersistenceFilter@733fb462, org.springframework.security.web.context.request.async.WebAsyncManagerIntegrationFilter@364fd4ae, org.springframework.security.web.header.HeaderWriterFilter@1a1ccaaf, org.springframework.security.web.csrf.CsrfFilter@7bbcf6f0, org.springframework.security.web.authentication.logout.LogoutFilter@50b46e24, org.springframework.security.web.authentication.UsernamePasswordAuthenticationFilter@22cb3d59, org.springframework.security.web.savedrequest.RequestCacheAwareFilter@5a7b309b, org.springframework.security.web.servletapi.SecurityContextHolderAwareRequestFilter@5b8853, org.springframework.security.web.authentication.AnonymousAuthenticationFilter@d87d449, org.springframework.security.web.session.SessionManagementFilter@27ec8754, org.springframework.security.web.access.ExceptionTranslationFilter@52ba685a, org.springframework.security.web.access.intercept.FilterSecurityInterceptor@78116659]
2019-03-12 13:45:50,322 INFO org.springframework.security.config.http.DefaultFilterChainValidator [main] Checking whether login URL '/login' is accessible with your configuration
2019-03-12 13:45:50,530 INFO org.hibernate.Version [main] HHH000412: Hibernate Core {5.3.7.Final}
2019-03-12 13:45:50,532 INFO org.hibernate.cfg.Environment [main] HHH000206: hibernate.properties not found
2019-03-12 13:45:50,702 INFO org.hibernate.annotations.common.reflection.java.JavaReflectionManager [main] HCANN000001: Hibernate Commons Annotations {5.0.4.Final}
2019-03-12 13:45:50,821 INFO org.hibernate.dialect.Dialect [main] HHH000400: Using dialect: org.hibernate.dialect.MySQLDialect
2019-03-12 13:45:51,690 INFO org.springframework.ws.soap.saaj.SaajSoapMessageFactory [main] Creating SAAJ 1.3 MessageFactory with SOAP 1.1 Protocol
2019-03-12 13:45:51,695 WARN javax.xml.soap.FactoryFinder [main] Using deprecated META-INF/services mechanism with non-standard property: javax.xml.soap.MetaFactory. Property javax.xml.soap.SAAJMetaFactory should be used instead.
2019-03-12 13:45:52,402 INFO org.apache.juli.logging.DirectJDKLog [main] Starting ProtocolHandler ["http-nio-8080"]
2019-03-12 13:45:52,433 INFO org.springframework.boot.web.embedded.tomcat.TomcatWebServer [main] Tomcat started on port(s): 8080 (http) with context path ''
2019-03-12 13:45:52,437 INFO org.springframework.boot.StartupInfoLogger [main] Started Main in 4.824 seconds (JVM running for 5.84)
2019-03-12 13:46:06,038 INFO org.apache.juli.logging.DirectJDKLog [http-nio-8080-exec-1] Initializing Spring DispatcherServlet 'dispatcherServlet'
2019-03-12 13:46:06,040 INFO org.springframework.web.servlet.FrameworkServlet [http-nio-8080-exec-1] Initializing Servlet 'dispatcherServlet'
2019-03-12 13:46:06,058 INFO org.springframework.web.servlet.FrameworkServlet [http-nio-8080-exec-1] Completed initialization in 17 ms
2019-03-12 13:46:06,355 INFO org.hibernate.hql.internal.QueryTranslatorFactoryInitiator [http-nio-8080-exec-1] HHH000397: Using ASTQueryTranslatorFactory
2019-03-12 13:46:06,623 INFO com.gladigator.Daos.PostDaoImpl [http-nio-8080-exec-1] Got 2 last entities starting from row 0
2019-03-12 13:46:11,747 WARN org.apache.juli.logging.DirectJDKLog [http-nio-8080-exec-10] Creation of SecureRandom instance for session ID generation using [SHA1PRNG] took [703] milliseconds.
2019-03-12 13:46:13,864 INFO com.gladigator.Daos.PostDaoImpl [http-nio-8080-exec-9] Got 2 last entities starting from row 0
2019-03-12 13:46:46,693 DEBUG com.gladigator.Controllers.Utils.HomeUtils [http-nio-8080-exec-4] Prepared post entity = Post(postId=null, language=pl-PL, translatedContent=<h1><b><i><u>To już trzeci post źćąłęóńż </u>:-)</i></b></h1>, latestUpdate=2019-03-12, owner=admin)
2019-03-12 13:46:46,790 INFO com.gladigator.Daos.PostDaoImpl [http-nio-8080-exec-4] com.gladigator.Entities.Post entity has been saved
2019-03-12 13:46:46,860 INFO com.gladigator.Daos.PostDaoImpl [http-nio-8080-exec-10] Got 3 last entities starting from row 0
2019-03-12 14:01:16,411 INFO com.gladigator.Daos.PostDaoImpl [http-nio-8080-exec-3] Got 3 last entities starting from row 0
2019-03-12 14:01:30,440 DEBUG com.gladigator.Controllers.Utils.HomeUtils [http-nio-8080-exec-8] Prepared post entity = Post(postId=null, language=pl-PL, translatedContent=<p>ążłóćłź</p>, latestUpdate=2019-03-12, owner=admin)
2019-03-12 14:01:30,446 INFO com.gladigator.Daos.PostDaoImpl [http-nio-8080-exec-8] com.gladigator.Entities.Post entity has been saved
2019-03-12 14:01:30,493 INFO com.gladigator.Daos.PostDaoImpl [http-nio-8080-exec-6] Got 4 last entities starting from row 0
2019-03-12 14:08:38,337 INFO org.springframework.boot.admin.SpringApplicationAdminMXBeanRegistrar$SpringApplicationAdmin [RMI TCP Connection(2)-127.0.0.1] Application shutdown requested.
2019-03-12 14:08:38,372 INFO com.zaxxer.hikari.HikariDataSource [RMI TCP Connection(2)-127.0.0.1] HikariPool-1 - Shutdown initiated...
2019-03-12 14:08:38,387 INFO com.zaxxer.hikari.HikariDataSource [RMI TCP Connection(2)-127.0.0.1] HikariPool-1 - Shutdown completed.
2019-03-12 14:08:46,673 INFO org.springframework.boot.StartupInfoLogger [main] Starting Main on dell-Komputer with PID 11388 (C:\Workspace\strength-and-honor\target\classes started by dell in C:\Workspace\strength-and-honor)
2019-03-12 14:08:46,680 DEBUG org.springframework.boot.StartupInfoLogger [main] Running with Spring Boot v2.1.2.RELEASE, Spring v5.1.2.RELEASE
2019-03-12 14:08:46,687 INFO org.springframework.boot.SpringApplication [main] No active profile set, falling back to default profiles: default
2019-03-12 14:08:48,349 WARN org.springframework.context.support.AbstractApplicationContext [main] Exception encountered during context initialization - cancelling refresh attempt: org.springframework.beans.factory.xml.XmlBeanDefinitionStoreException: Line 22 in XML document from class path resource [com/gladigator/Configs/dao-context.xml] is invalid; nested exception is org.xml.sax.SAXParseException; lineNumber: 22; columnNumber: 82; The reference to entity "characterEncoding" must end with the ';' delimiter.
2019-03-12 14:08:48,367 INFO org.springframework.boot.autoconfigure.logging.ConditionEvaluationReportLoggingListener [main] 

Error starting ApplicationContext. To display the conditions report re-run your application with 'debug' enabled.
2019-03-12 14:08:48,389 ERROR org.springframework.boot.SpringApplication [main] Application run failed
org.springframework.beans.factory.xml.XmlBeanDefinitionStoreException: Line 22 in XML document from class path resource [com/gladigator/Configs/dao-context.xml] is invalid; nested exception is org.xml.sax.SAXParseException; lineNumber: 22; columnNumber: 82; The reference to entity "characterEncoding" must end with the ';' delimiter.
	at org.springframework.beans.factory.xml.XmlBeanDefinitionReader.doLoadBeanDefinitions(XmlBeanDefinitionReader.java:404)
	at org.springframework.beans.factory.xml.XmlBeanDefinitionReader.loadBeanDefinitions(XmlBeanDefinitionReader.java:336)
	at org.springframework.beans.factory.xml.XmlBeanDefinitionReader.loadBeanDefinitions(XmlBeanDefinitionReader.java:304)
	at org.springframework.beans.factory.support.AbstractBeanDefinitionReader.loadBeanDefinitions(AbstractBeanDefinitionReader.java:188)
	at org.springframework.beans.factory.support.AbstractBeanDefinitionReader.loadBeanDefinitions(AbstractBeanDefinitionReader.java:224)
	at org.springframework.beans.factory.support.AbstractBeanDefinitionReader.loadBeanDefinitions(AbstractBeanDefinitionReader.java:195)
	at org.springframework.context.annotation.ConfigurationClassBeanDefinitionReader.lambda$loadBeanDefinitionsFromImportedResources$0(ConfigurationClassBeanDefinitionReader.java:358)
	at java.base/java.util.LinkedHashMap.forEach(LinkedHashMap.java:684)
	at org.springframework.context.annotation.ConfigurationClassBeanDefinitionReader.loadBeanDefinitionsFromImportedResources(ConfigurationClassBeanDefinitionReader.java:325)
	at org.springframework.context.annotation.ConfigurationClassBeanDefinitionReader.loadBeanDefinitionsForConfigurationClass(ConfigurationClassBeanDefinitionReader.java:144)
	at org.springframework.context.annotation.ConfigurationClassBeanDefinitionReader.loadBeanDefinitions(ConfigurationClassBeanDefinitionReader.java:117)
	at org.springframework.context.annotation.ConfigurationClassPostProcessor.processConfigBeanDefinitions(ConfigurationClassPostProcessor.java:327)
	at org.springframework.context.annotation.ConfigurationClassPostProcessor.postProcessBeanDefinitionRegistry(ConfigurationClassPostProcessor.java:232)
	at org.springframework.context.support.PostProcessorRegistrationDelegate.invokeBeanDefinitionRegistryPostProcessors(PostProcessorRegistrationDelegate.java:275)
	at org.springframework.context.support.PostProcessorRegistrationDelegate.invokeBeanFactoryPostProcessors(PostProcessorRegistrationDelegate.java:95)
	at org.springframework.context.support.AbstractApplicationContext.invokeBeanFactoryPostProcessors(AbstractApplicationContext.java:691)
	at org.springframework.context.support.AbstractApplicationContext.refresh(AbstractApplicationContext.java:528)
	at org.springframework.boot.web.servlet.context.ServletWebServerApplicationContext.refresh(ServletWebServerApplicationContext.java:142)
	at org.springframework.boot.SpringApplication.refresh(SpringApplication.java:775)
	at org.springframework.boot.SpringApplication.refreshContext(SpringApplication.java:397)
	at org.springframework.boot.SpringApplication.run(SpringApplication.java:316)
	at org.springframework.boot.SpringApplication.run(SpringApplication.java:1260)
	at org.springframework.boot.SpringApplication.run(SpringApplication.java:1248)
	at com.gladigator.Main.main(Main.java:15)
Caused by: org.xml.sax.SAXParseException: The reference to entity "characterEncoding" must end with the ';' delimiter.
	at java.xml/com.sun.org.apache.xerces.internal.util.ErrorHandlerWrapper.createSAXParseException(ErrorHandlerWrapper.java:204)
	at java.xml/com.sun.org.apache.xerces.internal.util.ErrorHandlerWrapper.fatalError(ErrorHandlerWrapper.java:178)
	at java.xml/com.sun.org.apache.xerces.internal.impl.XMLErrorReporter.reportError(XMLErrorReporter.java:400)
	at java.xml/com.sun.org.apache.xerces.internal.impl.XMLErrorReporter.reportError(XMLErrorReporter.java:327)
	at java.xml/com.sun.org.apache.xerces.internal.impl.XMLScanner.reportFatalError(XMLScanner.java:1471)
	at java.xml/com.sun.org.apache.xerces.internal.impl.XMLScanner.scanAttributeValue(XMLScanner.java:912)
	at java.xml/com.sun.org.apache.xerces.internal.impl.XMLNSDocumentScannerImpl.scanAttribute(XMLNSDocumentScannerImpl.java:447)
	at java.xml/com.sun.org.apache.xerces.internal.impl.XMLNSDocumentScannerImpl.scanStartElement(XMLNSDocumentScannerImpl.java:250)
	at java.xml/com.sun.org.apache.xerces.internal.impl.XMLDocumentFragmentScannerImpl$FragmentContentDriver.next(XMLDocumentFragmentScannerImpl.java:2708)
	at java.xml/com.sun.org.apache.xerces.internal.impl.XMLDocumentScannerImpl.next(XMLDocumentScannerImpl.java:605)
	at java.xml/com.sun.org.apache.xerces.internal.impl.XMLNSDocumentScannerImpl.next(XMLNSDocumentScannerImpl.java:112)
	at java.xml/com.sun.org.apache.xerces.internal.impl.XMLDocumentFragmentScannerImpl.scanDocument(XMLDocumentFragmentScannerImpl.java:534)
	at java.xml/com.sun.org.apache.xerces.internal.parsers.XML11Configuration.parse(XML11Configuration.java:888)
	at java.xml/com.sun.org.apache.xerces.internal.parsers.XML11Configuration.parse(XML11Configuration.java:824)
	at java.xml/com.sun.org.apache.xerces.internal.parsers.XMLParser.parse(XMLParser.java:141)
	at java.xml/com.sun.org.apache.xerces.internal.parsers.DOMParser.parse(DOMParser.java:246)
	at java.xml/com.sun.org.apache.xerces.internal.jaxp.DocumentBuilderImpl.parse(DocumentBuilderImpl.java:339)
	at org.springframework.beans.factory.xml.DefaultDocumentLoader.loadDocument(DefaultDocumentLoader.java:77)
	at org.springframework.beans.factory.xml.XmlBeanDefinitionReader.doLoadDocument(XmlBeanDefinitionReader.java:434)
	at org.springframework.beans.factory.xml.XmlBeanDefinitionReader.doLoadBeanDefinitions(XmlBeanDefinitionReader.java:392)
	... 23 common frames omitted
2019-03-12 14:10:28,593 INFO org.springframework.boot.StartupInfoLogger [main] Starting Main on dell-Komputer with PID 10188 (C:\Workspace\strength-and-honor\target\classes started by dell in C:\Workspace\strength-and-honor)
2019-03-12 14:10:28,597 DEBUG org.springframework.boot.StartupInfoLogger [main] Running with Spring Boot v2.1.2.RELEASE, Spring v5.1.2.RELEASE
2019-03-12 14:10:28,598 INFO org.springframework.boot.SpringApplication [main] No active profile set, falling back to default profiles: default
2019-03-12 14:10:29,703 INFO org.springframework.security.core.SpringSecurityCoreVersion [main] You are running with Spring Security Core 5.1.1.RELEASE
2019-03-12 14:10:29,711 INFO org.springframework.security.config.SecurityNamespaceHandler [main] Spring Security 'config' module version is 5.1.1.RELEASE
2019-03-12 14:10:29,784 INFO org.springframework.security.config.http.FilterInvocationSecurityMetadataSourceParser [main] Creating access control expression attribute 'permitAll' for /
2019-03-12 14:10:29,785 INFO org.springframework.security.config.http.FilterInvocationSecurityMetadataSourceParser [main] Creating access control expression attribute 'permitAll' for /static/**
2019-03-12 14:10:29,786 INFO org.springframework.security.config.http.FilterInvocationSecurityMetadataSourceParser [main] Creating access control expression attribute 'permitAll' for /templates/**
2019-03-12 14:10:29,788 INFO org.springframework.security.config.http.FilterInvocationSecurityMetadataSourceParser [main] Creating access control expression attribute 'permitAll' for /login
2019-03-12 14:10:29,789 INFO org.springframework.security.config.http.FilterInvocationSecurityMetadataSourceParser [main] Creating access control expression attribute 'permitAll' for /createUser
2019-03-12 14:10:29,789 INFO org.springframework.security.config.http.FilterInvocationSecurityMetadataSourceParser [main] Creating access control expression attribute 'permitAll' for /confirm
2019-03-12 14:10:29,790 INFO org.springframework.security.config.http.FilterInvocationSecurityMetadataSourceParser [main] Creating access control expression attribute 'permitAll' for /logout
2019-03-12 14:10:29,791 INFO org.springframework.security.config.http.FilterInvocationSecurityMetadataSourceParser [main] Creating access control expression attribute 'permitAll' for /weather
2019-03-12 14:10:29,792 INFO org.springframework.security.config.http.FilterInvocationSecurityMetadataSourceParser [main] Creating access control expression attribute 'permitAll' for /serviceerror
2019-03-12 14:10:29,793 INFO org.springframework.security.config.http.FilterInvocationSecurityMetadataSourceParser [main] Creating access control expression attribute 'permitAll' for /repositoryerror
2019-03-12 14:10:29,794 INFO org.springframework.security.config.http.FilterInvocationSecurityMetadataSourceParser [main] Creating access control expression attribute 'permitAll' for /weatherConditions/**
2019-03-12 14:10:29,795 INFO org.springframework.security.config.http.FilterInvocationSecurityMetadataSourceParser [main] Creating access control expression attribute 'isAuthenticated()' for /profile
2019-03-12 14:10:29,796 INFO org.springframework.security.config.http.FilterInvocationSecurityMetadataSourceParser [main] Creating access control expression attribute 'isAuthenticated()' for /calculateBmr
2019-03-12 14:10:29,797 INFO org.springframework.security.config.http.FilterInvocationSecurityMetadataSourceParser [main] Creating access control expression attribute 'isAuthenticated()' for /calculateBmi
2019-03-12 14:10:29,798 INFO org.springframework.security.config.http.FilterInvocationSecurityMetadataSourceParser [main] Creating access control expression attribute 'hasRole('ROLE_ADMIN')' for /post
2019-03-12 14:10:29,800 INFO org.springframework.security.config.http.FilterInvocationSecurityMetadataSourceParser [main] Creating access control expression attribute 'denyAll' for /**
2019-03-12 14:10:29,843 INFO org.springframework.security.config.http.HttpSecurityBeanDefinitionParser [main] Checking sorted filter chain: [Root bean: class [org.springframework.security.web.context.SecurityContextPersistenceFilter]; scope=; abstract=false; lazyInit=false; autowireMode=0; dependencyCheck=0; autowireCandidate=true; primary=false; factoryBeanName=null; factoryMethodName=null; initMethodName=null; destroyMethodName=null, order = 200, Root bean: class [org.springframework.security.web.context.request.async.WebAsyncManagerIntegrationFilter]; scope=; abstract=false; lazyInit=false; autowireMode=0; dependencyCheck=0; autowireCandidate=true; primary=false; factoryBeanName=null; factoryMethodName=null; initMethodName=null; destroyMethodName=null, order = 400, Root bean: class [org.springframework.security.web.header.HeaderWriterFilter]; scope=; abstract=false; lazyInit=false; autowireMode=0; dependencyCheck=0; autowireCandidate=true; primary=false; factoryBeanName=null; factoryMethodName=null; initMethodName=null; destroyMethodName=null, order = 500, Root bean: class [org.springframework.security.web.csrf.CsrfFilter]; scope=; abstract=false; lazyInit=false; autowireMode=0; dependencyCheck=0; autowireCandidate=true; primary=false; factoryBeanName=null; factoryMethodName=null; initMethodName=null; destroyMethodName=null, order = 700, Root bean: class [org.springframework.security.web.authentication.logout.LogoutFilter]; scope=; abstract=false; lazyInit=false; autowireMode=0; dependencyCheck=0; autowireCandidate=true; primary=false; factoryBeanName=null; factoryMethodName=null; initMethodName=null; destroyMethodName=null, order = 800, <org.springframework.security.web.authentication.UsernamePasswordAuthenticationFilter#0>, order = 1200, Root bean: class [org.springframework.security.web.savedrequest.RequestCacheAwareFilter]; scope=; abstract=false; lazyInit=false; autowireMode=0; dependencyCheck=0; autowireCandidate=true; primary=false; factoryBeanName=null; factoryMethodName=null; initMethodName=null; destroyMethodName=null, order = 1900, Root bean: class [null]; scope=; abstract=false; lazyInit=false; autowireMode=0; dependencyCheck=0; autowireCandidate=true; primary=false; factoryBeanName=org.springframework.security.config.http.HttpConfigurationBuilder$SecurityContextHolderAwareRequestFilterBeanFactory#0; factoryMethodName=getBean; initMethodName=null; destroyMethodName=null, order = 2000, Root bean: class [org.springframework.security.web.authentication.AnonymousAuthenticationFilter]; scope=; abstract=false; lazyInit=false; autowireMode=0; dependencyCheck=0; autowireCandidate=true; primary=false; factoryBeanName=null; factoryMethodName=null; initMethodName=null; destroyMethodName=null, order = 2300, Root bean: class [org.springframework.security.web.session.SessionManagementFilter]; scope=; abstract=false; lazyInit=false; autowireMode=0; dependencyCheck=0; autowireCandidate=true; primary=false; factoryBeanName=null; factoryMethodName=null; initMethodName=null; destroyMethodName=null, order = 2400, Root bean: class [org.springframework.security.web.access.ExceptionTranslationFilter]; scope=; abstract=false; lazyInit=false; autowireMode=0; dependencyCheck=0; autowireCandidate=true; primary=false; factoryBeanName=null; factoryMethodName=null; initMethodName=null; destroyMethodName=null, order = 2500, <org.springframework.security.web.access.intercept.FilterSecurityInterceptor#0>, order = 2600]
2019-03-12 14:10:30,871 INFO org.springframework.context.support.PostProcessorRegistrationDelegate$BeanPostProcessorChecker [main] Bean 'org.springframework.ws.config.annotation.DelegatingWsConfiguration' of type [org.springframework.ws.config.annotation.DelegatingWsConfiguration$$EnhancerBySpringCGLIB$$4f5e0e94] is not eligible for getting processed by all BeanPostProcessors (for example: not eligible for auto-proxying)
2019-03-12 14:10:31,002 INFO org.springframework.ws.soap.addressing.server.AbstractAddressingEndpointMapping [main] Supporting [WS-Addressing August 2004, WS-Addressing 1.0]
2019-03-12 14:10:31,796 INFO org.springframework.boot.web.embedded.tomcat.TomcatWebServer [main] Tomcat initialized with port(s): 8080 (http)
2019-03-12 14:10:31,835 INFO org.apache.juli.logging.DirectJDKLog [main] Initializing ProtocolHandler ["http-nio-8080"]
2019-03-12 14:10:31,871 INFO org.apache.juli.logging.DirectJDKLog [main] Starting service [Tomcat]
2019-03-12 14:10:31,873 INFO org.apache.juli.logging.DirectJDKLog [main] Starting Servlet engine: [Apache Tomcat/9.0.14]
2019-03-12 14:10:31,889 INFO org.apache.juli.logging.DirectJDKLog [main] The APR based Apache Tomcat Native library which allows optimal performance in production environments was not found on the java.library.path: [C:\Java\jdk-11.0.1\bin;C:\Windows\Sun\Java\bin;C:\Windows\system32;C:\Windows;C:/Java/jdk-11.0.1/bin/server;C:/Java/jdk-11.0.1/bin;C:\Program Files (x86)\NVIDIA Corporation\PhysX\Common;C:\Windows\system32;C:\Windows;C:\Windows\System32\Wbem;C:\Windows\System32\WindowsPowerShell\v1.0\;C:\Program Files\WIDCOMM\Bluetooth Software\;C:\Program Files\WIDCOMM\Bluetooth Software\syswow64;C:\Program Files\Intel\WiFi\bin\;C:\Program Files\Common Files\Intel\WirelessCommon\;C:\Program Files (x86)\Intel\OpenCL SDK\2.0\bin\x86;C:\Program Files (x86)\Intel\OpenCL SDK\2.0\bin\x64;C:\Program Files\MySQL\MySQL Utilities 1.6\;C:\Program Files\Notepad++;C:\Program Files\Perforce;C:\Program Files\dotnet\;C:\Program Files\nodejs\;C:\Program Files\Microsoft SQL Server\Client SDK\ODBC\110\Tools\Binn\;C:\Program Files (x86)\Microsoft SQL Server\120\Tools\Binn\;C:\Program Files\Microsoft SQL Server\120\Tools\Binn\;C:\Program Files\Microsoft SQL Server\120\DTS\Binn\;C:\Program Files (x86)\Microsoft SQL Server\120\Tools\Binn\ManagementStudio\;C:\Program Files (x86)\Microsoft SQL Server\120\DTS\Binn\;C:\Java\jdk-11.0.1/bin;C:\Gradle\gradle-4.10.3/bin;C:\Program Fi;C:\Program Files\Intel\WiFi\bin\;C:\Program Files\Common Files\Intel\WirelessCommon\;C:\apache-maven-3.5.2-bin\apache-maven-3.5.2\bin\;C:\Users\dell\AppData\Roaming\npm;C:\Program Files\Microsoft VS Code\bin;C:\Program Files\Docker Toolbox;C:\Program Files\Java\C:\Program Files\Java\jdk-11.0.1\;C:\STS Eclipse\sts-4.0.1.RELEASE;;.]
2019-03-12 14:10:32,170 INFO org.apache.juli.logging.DirectJDKLog [main] Initializing Spring embedded WebApplicationContext
2019-03-12 14:10:32,171 INFO org.springframework.boot.web.servlet.context.ServletWebServerApplicationContext [main] Root WebApplicationContext: initialization completed in 3523 ms
2019-03-12 14:10:32,514 INFO com.zaxxer.hikari.HikariDataSource [main] HikariPool-1 - Starting...
2019-03-12 14:10:32,749 INFO com.zaxxer.hikari.HikariDataSource [main] HikariPool-1 - Start completed.
2019-03-12 14:10:32,801 INFO org.springframework.security.provisioning.JdbcUserDetailsManager [main] No authentication manager set. Reauthentication of users when changing passwords will not be performed.
2019-03-12 14:10:33,111 INFO org.springframework.security.web.DefaultSecurityFilterChain [main] Creating filter chain: any request, [org.springframework.security.web.context.SecurityContextPersistenceFilter@35650279, org.springframework.security.web.context.request.async.WebAsyncManagerIntegrationFilter@420a8042, org.springframework.security.web.header.HeaderWriterFilter@796d33eb, org.springframework.security.web.csrf.CsrfFilter@3e900e1a, org.springframework.security.web.authentication.logout.LogoutFilter@79a201cf, org.springframework.security.web.authentication.UsernamePasswordAuthenticationFilter@7a0ab480, org.springframework.security.web.savedrequest.RequestCacheAwareFilter@5a2ae1ab, org.springframework.security.web.servletapi.SecurityContextHolderAwareRequestFilter@231b35fb, org.springframework.security.web.authentication.AnonymousAuthenticationFilter@33e4b9c4, org.springframework.security.web.session.SessionManagementFilter@3e14d390, org.springframework.security.web.access.ExceptionTranslationFilter@2726a511, org.springframework.security.web.access.intercept.FilterSecurityInterceptor@21274afe]
2019-03-12 14:10:33,151 INFO org.springframework.security.config.http.DefaultFilterChainValidator [main] Checking whether login URL '/login' is accessible with your configuration
2019-03-12 14:10:33,476 INFO org.hibernate.Version [main] HHH000412: Hibernate Core {5.3.7.Final}
2019-03-12 14:10:33,479 INFO org.hibernate.cfg.Environment [main] HHH000206: hibernate.properties not found
2019-03-12 14:10:33,734 INFO org.hibernate.annotations.common.reflection.java.JavaReflectionManager [main] HCANN000001: Hibernate Commons Annotations {5.0.4.Final}
2019-03-12 14:10:33,927 INFO org.hibernate.dialect.Dialect [main] HHH000400: Using dialect: org.hibernate.dialect.MySQLDialect
2019-03-12 14:10:35,833 INFO org.springframework.ws.soap.saaj.SaajSoapMessageFactory [main] Creating SAAJ 1.3 MessageFactory with SOAP 1.1 Protocol
2019-03-12 14:10:35,841 WARN javax.xml.soap.FactoryFinder [main] Using deprecated META-INF/services mechanism with non-standard property: javax.xml.soap.MetaFactory. Property javax.xml.soap.SAAJMetaFactory should be used instead.
2019-03-12 14:10:37,469 INFO org.apache.juli.logging.DirectJDKLog [main] Starting ProtocolHandler ["http-nio-8080"]
2019-03-12 14:10:37,525 INFO org.springframework.boot.web.embedded.tomcat.TomcatWebServer [main] Tomcat started on port(s): 8080 (http) with context path ''
2019-03-12 14:10:37,535 INFO org.springframework.boot.StartupInfoLogger [main] Started Main in 9.437 seconds (JVM running for 10.676)
2019-03-12 14:10:45,288 INFO org.apache.juli.logging.DirectJDKLog [http-nio-8080-exec-1] Initializing Spring DispatcherServlet 'dispatcherServlet'
2019-03-12 14:10:45,290 INFO org.springframework.web.servlet.FrameworkServlet [http-nio-8080-exec-1] Initializing Servlet 'dispatcherServlet'
2019-03-12 14:10:45,310 INFO org.springframework.web.servlet.FrameworkServlet [http-nio-8080-exec-1] Completed initialization in 19 ms
2019-03-12 14:10:45,552 INFO org.hibernate.hql.internal.QueryTranslatorFactoryInitiator [http-nio-8080-exec-1] HHH000397: Using ASTQueryTranslatorFactory
2019-03-12 14:10:45,751 INFO com.gladigator.Daos.PostDaoImpl [http-nio-8080-exec-1] Got 4 last entities starting from row 0
2019-03-12 14:10:51,270 WARN org.apache.juli.logging.DirectJDKLog [http-nio-8080-exec-10] Creation of SecureRandom instance for session ID generation using [SHA1PRNG] took [704] milliseconds.
2019-03-12 14:10:53,402 INFO com.gladigator.Daos.PostDaoImpl [http-nio-8080-exec-9] Got 4 last entities starting from row 0
2019-03-12 14:11:01,966 DEBUG com.gladigator.Controllers.Utils.HomeUtils [http-nio-8080-exec-2] Prepared post entity = Post(postId=null, language=pl-PL, translatedContent=<p>ąęłóxzżź</p>, latestUpdate=2019-03-12, owner=admin)
