2019-03-08 19:01:02,386 INFO org.springframework.boot.StartupInfoLogger [main] Starting Main on dell-Komputer with PID 8212 (C:\Workspace\strength-and-honor\target\classes started by dell in C:\Workspace\strength-and-honor)
2019-03-08 19:01:02,390 DEBUG org.springframework.boot.StartupInfoLogger [main] Running with Spring Boot v2.1.2.RELEASE, Spring v5.1.2.RELEASE
2019-03-08 19:01:02,391 INFO org.springframework.boot.SpringApplication [main] No active profile set, falling back to default profiles: default
2019-03-08 19:01:03,134 INFO org.springframework.security.core.SpringSecurityCoreVersion [main] You are running with Spring Security Core 5.1.1.RELEASE
2019-03-08 19:01:03,137 INFO org.springframework.security.config.SecurityNamespaceHandler [main] Spring Security 'config' module version is 5.1.1.RELEASE
2019-03-08 19:01:03,160 INFO org.springframework.security.config.http.FilterInvocationSecurityMetadataSourceParser [main] Creating access control expression attribute 'permitAll' for /
2019-03-08 19:01:03,161 INFO org.springframework.security.config.http.FilterInvocationSecurityMetadataSourceParser [main] Creating access control expression attribute 'permitAll' for /static/**
2019-03-08 19:01:03,162 INFO org.springframework.security.config.http.FilterInvocationSecurityMetadataSourceParser [main] Creating access control expression attribute 'permitAll' for /templates/**
2019-03-08 19:01:03,162 INFO org.springframework.security.config.http.FilterInvocationSecurityMetadataSourceParser [main] Creating access control expression attribute 'permitAll' for /login
2019-03-08 19:01:03,163 INFO org.springframework.security.config.http.FilterInvocationSecurityMetadataSourceParser [main] Creating access control expression attribute 'permitAll' for /createUser
2019-03-08 19:01:03,163 INFO org.springframework.security.config.http.FilterInvocationSecurityMetadataSourceParser [main] Creating access control expression attribute 'permitAll' for /confirm
2019-03-08 19:01:03,163 INFO org.springframework.security.config.http.FilterInvocationSecurityMetadataSourceParser [main] Creating access control expression attribute 'permitAll' for /logout
2019-03-08 19:01:03,163 INFO org.springframework.security.config.http.FilterInvocationSecurityMetadataSourceParser [main] Creating access control expression attribute 'permitAll' for /weather
2019-03-08 19:01:03,164 INFO org.springframework.security.config.http.FilterInvocationSecurityMetadataSourceParser [main] Creating access control expression attribute 'permitAll' for /serviceerror
2019-03-08 19:01:03,164 INFO org.springframework.security.config.http.FilterInvocationSecurityMetadataSourceParser [main] Creating access control expression attribute 'permitAll' for /repositoryerror
2019-03-08 19:01:03,164 INFO org.springframework.security.config.http.FilterInvocationSecurityMetadataSourceParser [main] Creating access control expression attribute 'permitAll' for /weatherConditions/**
2019-03-08 19:01:03,164 INFO org.springframework.security.config.http.FilterInvocationSecurityMetadataSourceParser [main] Creating access control expression attribute 'isAuthenticated()' for /profile
2019-03-08 19:01:03,165 INFO org.springframework.security.config.http.FilterInvocationSecurityMetadataSourceParser [main] Creating access control expression attribute 'isAuthenticated()' for /calculateBmr
2019-03-08 19:01:03,165 INFO org.springframework.security.config.http.FilterInvocationSecurityMetadataSourceParser [main] Creating access control expression attribute 'isAuthenticated()' for /calculateBmi
2019-03-08 19:01:03,165 INFO org.springframework.security.config.http.FilterInvocationSecurityMetadataSourceParser [main] Creating access control expression attribute 'hasRole('ROLE_ADMIN')' for /post
2019-03-08 19:01:03,166 INFO org.springframework.security.config.http.FilterInvocationSecurityMetadataSourceParser [main] Creating access control expression attribute 'denyAll' for /**
2019-03-08 19:01:03,179 INFO org.springframework.security.config.http.HttpSecurityBeanDefinitionParser [main] Checking sorted filter chain: [Root bean: class [org.springframework.security.web.context.SecurityContextPersistenceFilter]; scope=; abstract=false; lazyInit=false; autowireMode=0; dependencyCheck=0; autowireCandidate=true; primary=false; factoryBeanName=null; factoryMethodName=null; initMethodName=null; destroyMethodName=null, order = 200, Root bean: class [org.springframework.security.web.context.request.async.WebAsyncManagerIntegrationFilter]; scope=; abstract=false; lazyInit=false; autowireMode=0; dependencyCheck=0; autowireCandidate=true; primary=false; factoryBeanName=null; factoryMethodName=null; initMethodName=null; destroyMethodName=null, order = 400, Root bean: class [org.springframework.security.web.header.HeaderWriterFilter]; scope=; abstract=false; lazyInit=false; autowireMode=0; dependencyCheck=0; autowireCandidate=true; primary=false; factoryBeanName=null; factoryMethodName=null; initMethodName=null; destroyMethodName=null, order = 500, Root bean: class [org.springframework.security.web.csrf.CsrfFilter]; scope=; abstract=false; lazyInit=false; autowireMode=0; dependencyCheck=0; autowireCandidate=true; primary=false; factoryBeanName=null; factoryMethodName=null; initMethodName=null; destroyMethodName=null, order = 700, Root bean: class [org.springframework.security.web.authentication.logout.LogoutFilter]; scope=; abstract=false; lazyInit=false; autowireMode=0; dependencyCheck=0; autowireCandidate=true; primary=false; factoryBeanName=null; factoryMethodName=null; initMethodName=null; destroyMethodName=null, order = 800, <org.springframework.security.web.authentication.UsernamePasswordAuthenticationFilter#0>, order = 1200, Root bean: class [org.springframework.security.web.savedrequest.RequestCacheAwareFilter]; scope=; abstract=false; lazyInit=false; autowireMode=0; dependencyCheck=0; autowireCandidate=true; primary=false; factoryBeanName=null; factoryMethodName=null; initMethodName=null; destroyMethodName=null, order = 1900, Root bean: class [null]; scope=; abstract=false; lazyInit=false; autowireMode=0; dependencyCheck=0; autowireCandidate=true; primary=false; factoryBeanName=org.springframework.security.config.http.HttpConfigurationBuilder$SecurityContextHolderAwareRequestFilterBeanFactory#0; factoryMethodName=getBean; initMethodName=null; destroyMethodName=null, order = 2000, Root bean: class [org.springframework.security.web.authentication.AnonymousAuthenticationFilter]; scope=; abstract=false; lazyInit=false; autowireMode=0; dependencyCheck=0; autowireCandidate=true; primary=false; factoryBeanName=null; factoryMethodName=null; initMethodName=null; destroyMethodName=null, order = 2300, Root bean: class [org.springframework.security.web.session.SessionManagementFilter]; scope=; abstract=false; lazyInit=false; autowireMode=0; dependencyCheck=0; autowireCandidate=true; primary=false; factoryBeanName=null; factoryMethodName=null; initMethodName=null; destroyMethodName=null, order = 2400, Root bean: class [org.springframework.security.web.access.ExceptionTranslationFilter]; scope=; abstract=false; lazyInit=false; autowireMode=0; dependencyCheck=0; autowireCandidate=true; primary=false; factoryBeanName=null; factoryMethodName=null; initMethodName=null; destroyMethodName=null, order = 2500, <org.springframework.security.web.access.intercept.FilterSecurityInterceptor#0>, order = 2600]
2019-03-08 19:01:03,635 INFO org.springframework.context.support.PostProcessorRegistrationDelegate$BeanPostProcessorChecker [main] Bean 'org.springframework.ws.config.annotation.DelegatingWsConfiguration' of type [org.springframework.ws.config.annotation.DelegatingWsConfiguration$$EnhancerBySpringCGLIB$$9c3eed8e] is not eligible for getting processed by all BeanPostProcessors (for example: not eligible for auto-proxying)
2019-03-08 19:01:03,694 INFO org.springframework.ws.soap.addressing.server.AbstractAddressingEndpointMapping [main] Supporting [WS-Addressing August 2004, WS-Addressing 1.0]
2019-03-08 19:01:04,020 INFO org.springframework.boot.web.embedded.tomcat.TomcatWebServer [main] Tomcat initialized with port(s): 8080 (http)
2019-03-08 19:01:04,036 INFO org.apache.juli.logging.DirectJDKLog [main] Initializing ProtocolHandler ["http-nio-8080"]
2019-03-08 19:01:04,049 INFO org.apache.juli.logging.DirectJDKLog [main] Starting service [Tomcat]
2019-03-08 19:01:04,049 INFO org.apache.juli.logging.DirectJDKLog [main] Starting Servlet engine: [Apache Tomcat/9.0.14]
2019-03-08 19:01:04,056 INFO org.apache.juli.logging.DirectJDKLog [main] The APR based Apache Tomcat Native library which allows optimal performance in production environments was not found on the java.library.path: [C:\Java\jdk-11.0.1\bin;C:\Windows\Sun\Java\bin;C:\Windows\system32;C:\Windows;C:/Java/jdk-11.0.1/bin/server;C:/Java/jdk-11.0.1/bin;C:\Program Files (x86)\NVIDIA Corporation\PhysX\Common;C:\Windows\system32;C:\Windows;C:\Windows\System32\Wbem;C:\Windows\System32\WindowsPowerShell\v1.0\;C:\Program Files\WIDCOMM\Bluetooth Software\;C:\Program Files\WIDCOMM\Bluetooth Software\syswow64;C:\Program Files\Intel\WiFi\bin\;C:\Program Files\Common Files\Intel\WirelessCommon\;C:\Program Files (x86)\Intel\OpenCL SDK\2.0\bin\x86;C:\Program Files (x86)\Intel\OpenCL SDK\2.0\bin\x64;C:\Program Files\MySQL\MySQL Utilities 1.6\;C:\Program Files\Notepad++;C:\Program Files\Perforce;C:\Program Files\dotnet\;C:\Program Files\nodejs\;C:\Program Files\Microsoft SQL Server\Client SDK\ODBC\110\Tools\Binn\;C:\Program Files (x86)\Microsoft SQL Server\120\Tools\Binn\;C:\Program Files\Microsoft SQL Server\120\Tools\Binn\;C:\Program Files\Microsoft SQL Server\120\DTS\Binn\;C:\Program Files (x86)\Microsoft SQL Server\120\Tools\Binn\ManagementStudio\;C:\Program Files (x86)\Microsoft SQL Server\120\DTS\Binn\;C:\Java\jdk-11.0.1/bin;C:\Gradle\gradle-4.10.3/bin;C:\Program Fi;C:\Program Files\Intel\WiFi\bin\;C:\Program Files\Common Files\Intel\WirelessCommon\;C:\apache-maven-3.5.2-bin\apache-maven-3.5.2\bin\;C:\Users\dell\AppData\Roaming\npm;C:\Program Files\Microsoft VS Code\bin;C:\Program Files\Docker Toolbox;C:\Program Files\Java\C:\Program Files\Java\jdk-11.0.1\;C:\STS Eclipse\sts-4.0.1.RELEASE;;.]
2019-03-08 19:01:04,167 INFO org.apache.juli.logging.DirectJDKLog [main] Initializing Spring embedded WebApplicationContext
2019-03-08 19:01:04,167 INFO org.springframework.boot.web.servlet.context.ServletWebServerApplicationContext [main] Root WebApplicationContext: initialization completed in 1740 ms
2019-03-08 19:01:04,300 INFO com.zaxxer.hikari.HikariDataSource [main] HikariPool-1 - Starting...
2019-03-08 19:01:04,419 INFO com.zaxxer.hikari.HikariDataSource [main] HikariPool-1 - Start completed.
2019-03-08 19:01:04,438 INFO org.springframework.security.provisioning.JdbcUserDetailsManager [main] No authentication manager set. Reauthentication of users when changing passwords will not be performed.
2019-03-08 19:01:04,581 INFO org.springframework.security.web.DefaultSecurityFilterChain [main] Creating filter chain: any request, [org.springframework.security.web.context.SecurityContextPersistenceFilter@1a950fdd, org.springframework.security.web.context.request.async.WebAsyncManagerIntegrationFilter@37a9b687, org.springframework.security.web.header.HeaderWriterFilter@5df7e31b, org.springframework.security.web.csrf.CsrfFilter@6f9ab79d, org.springframework.security.web.authentication.logout.LogoutFilter@14d25b6e, org.springframework.security.web.authentication.UsernamePasswordAuthenticationFilter@1332dec4, org.springframework.security.web.savedrequest.RequestCacheAwareFilter@2407a36c, org.springframework.security.web.servletapi.SecurityContextHolderAwareRequestFilter@21b51e59, org.springframework.security.web.authentication.AnonymousAuthenticationFilter@32ae8f27, org.springframework.security.web.session.SessionManagementFilter@682e422c, org.springframework.security.web.access.ExceptionTranslationFilter@756808cc, org.springframework.security.web.access.intercept.FilterSecurityInterceptor@1de13f34]
2019-03-08 19:01:04,600 INFO org.springframework.security.config.http.DefaultFilterChainValidator [main] Checking whether login URL '/login' is accessible with your configuration
2019-03-08 19:01:04,740 INFO org.hibernate.Version [main] HHH000412: Hibernate Core {5.3.7.Final}
2019-03-08 19:01:04,742 INFO org.hibernate.cfg.Environment [main] HHH000206: hibernate.properties not found
2019-03-08 19:01:04,848 INFO org.hibernate.annotations.common.reflection.java.JavaReflectionManager [main] HCANN000001: Hibernate Commons Annotations {5.0.4.Final}
2019-03-08 19:01:04,941 INFO org.hibernate.dialect.Dialect [main] HHH000400: Using dialect: org.hibernate.dialect.MySQLDialect
2019-03-08 19:01:05,705 INFO org.springframework.ws.soap.saaj.SaajSoapMessageFactory [main] Creating SAAJ 1.3 MessageFactory with SOAP 1.1 Protocol
2019-03-08 19:01:05,708 WARN javax.xml.soap.FactoryFinder [main] Using deprecated META-INF/services mechanism with non-standard property: javax.xml.soap.MetaFactory. Property javax.xml.soap.SAAJMetaFactory should be used instead.
2019-03-08 19:01:06,398 INFO org.apache.juli.logging.DirectJDKLog [main] Starting ProtocolHandler ["http-nio-8080"]
2019-03-08 19:01:06,428 INFO org.springframework.boot.web.embedded.tomcat.TomcatWebServer [main] Tomcat started on port(s): 8080 (http) with context path ''
2019-03-08 19:01:06,433 INFO org.springframework.boot.StartupInfoLogger [main] Started Main in 4.478 seconds (JVM running for 5.355)
2019-03-08 19:01:25,203 INFO org.apache.juli.logging.DirectJDKLog [http-nio-8080-exec-1] Initializing Spring DispatcherServlet 'dispatcherServlet'
2019-03-08 19:01:25,205 INFO org.springframework.web.servlet.FrameworkServlet [http-nio-8080-exec-1] Initializing Servlet 'dispatcherServlet'
2019-03-08 19:01:25,217 INFO org.springframework.web.servlet.FrameworkServlet [http-nio-8080-exec-1] Completed initialization in 11 ms
2019-03-08 19:01:25,432 INFO org.hibernate.hql.internal.QueryTranslatorFactoryInitiator [http-nio-8080-exec-1] HHH000397: Using ASTQueryTranslatorFactory
2019-03-08 19:01:25,618 INFO com.gladigator.Daos.PostDaoImpl [http-nio-8080-exec-1] Got 2 last entities starting from row 0
2019-03-08 19:01:30,425 INFO com.gladigator.Daos.PostDaoImpl [http-nio-8080-exec-10] Got 2 last entities starting from row 0
2019-03-08 19:01:32,009 INFO com.gladigator.Daos.PostDaoImpl [http-nio-8080-exec-9] Got 2 last entities starting from row 0
2019-03-08 19:05:46,667 WARN org.apache.juli.logging.DirectJDKLog [http-nio-8080-exec-1] Creation of SecureRandom instance for session ID generation using [SHA1PRNG] took [647] milliseconds.
2019-03-08 19:05:49,154 INFO com.gladigator.Daos.PostDaoImpl [http-nio-8080-exec-4] Got 2 last entities starting from row 0
2019-03-08 19:06:04,344 DEBUG com.gladigator.Controllers.Utils.HomeUtils [http-nio-8080-exec-2] Prepared post entity = Post(postId=null, language=pl-PL, translatedContent=<p style="text-align: right;">xyz</p>)
2019-03-08 19:06:04,399 INFO com.gladigator.Daos.PostDaoImpl [http-nio-8080-exec-2] com.gladigator.Entities.Post entity has been saved
2019-03-08 19:06:04,467 INFO com.gladigator.Daos.PostDaoImpl [http-nio-8080-exec-5] Got 3 last entities starting from row 0
